<?xml version="1.0" encoding="UTF-8"?>
<!-- Generated by org.testng.reporters.JUnitReportReporter -->
<testsuite hostname="LAPTOP-8FH1UK5Q" name="com.testng.GroupExecutionExample" tests="1" failures="0" timestamp="25 Jan 2023 13:00:34 GMT" time="0.008" errors="0">
  <testcase name="test1" time="0.008" classname="com.testng.GroupExecutionExample"/>
</testsuite> <!-- com.testng.GroupExecutionExample -->
